 1335: mmap(0x0,32768,PROT_READ|PROT_WRITE,MAP_PRIVATE|MAP_ANON,-1,0x0) = 34366160896 (0x800620000)
 1335: issetugid()				 = 0 (0x0)
 1335: lstat("/etc",{ mode=drwxr-xr-x ,inode=43,size=117,blksize=7680 }) = 0 (0x0)
 1335: lstat("/etc/libmap.conf",{ mode=-rw-r--r-- ,inode=13433,size=102,blksize=4096 }) = 0 (0x0)
 1335: openat(AT_FDCWD,"/etc/libmap.conf",O_RDONLY|O_CLOEXEC,00) = 3 (0x3)
 1335: fstat(3,{ mode=-rw-r--r-- ,inode=13433,size=102,blksize=4096 }) = 0 (0x0)
 1335: mmap(0x0,102,PROT_READ,MAP_PRIVATE,3,0x0) = 34366193664 (0x800628000)
 1335: close(3)					 = 0 (0x0)
 1335: lstat("/usr",{ mode=drwxr-xr-x ,inode=9,size=16,blksize=4096 }) = 0 (0x0)
 1335: lstat("/usr/local",{ mode=drwxr-xr-x ,inode=92,size=18,blksize=4096 }) = 0 (0x0)
 1335: lstat("/usr/local/etc",{ mode=drwxr-xr-x ,inode=21256,size=54,blksize=4096 }) = 0 (0x0)
 1335: lstat("/usr/local/etc/libmap.d",0x7fffffffcaa8) ERR#2 'No such file or directory'
 1335: munmap(0x800628000,102)			 = 0 (0x0)
 1335: openat(AT_FDCWD,"/var/run/ld-elf.so.hints",O_RDONLY|O_CLOEXEC,00) = 3 (0x3)
 1335: read(3,"Ehnt\^A\0\0\0\M^@\0\0\0\M-%\0\0"...,128) = 128 (0x80)
 1335: fstat(3,{ mode=-r--r--r-- ,inode=360456,size=293,blksize=4096 }) = 0 (0x0)
 1335: lseek(3,0x80,SEEK_SET)			 = 128 (0x80)
 1335: read(3,"/lib:/usr/lib:/usr/lib/compat:/u"...,165) = 165 (0xa5)
 1335: close(3)					 = 0 (0x0)
 1335: access("/lib/libc.so.7",F_OK)		 = 0 (0x0)
 1335: openat(AT_FDCWD,"/lib/libc.so.7",O_RDONLY|O_CLOEXEC|O_VERIFY,00) = 3 (0x3)
 1335: fstat(3,{ mode=-r--r--r-- ,inode=13762,size=1765280,blksize=131072 }) = 0 (0x0)
 1335: mmap(0x0,4096,PROT_READ,MAP_PRIVATE|MAP_PREFAULT_READ,3,0x0) = 34366193664 (0x800628000)
 1335: mmap(0x0,3907584,PROT_NONE,MAP_PRIVATE|MAP_ANON|MAP_NOCORE,-1,0x0) = 34368266240 (0x800822000)
 1335: mmap(0x800822000,1658880,PROT_READ|PROT_EXEC,MAP_PRIVATE|MAP_FIXED|MAP_NOCORE|MAP_PREFAULT_READ,3,0x0) = 34368266240 (0x800822000)
 1335: mmap(0x800bb6000,53248,PROT_READ|PROT_WRITE,MAP_PRIVATE|MAP_FIXED|MAP_PREFAULT_READ,3,0x194000) = 34372018176 (0x800bb6000)
 1335: mmap(0x800bc3000,102400,PROT_READ|PROT_WRITE,MAP_PRIVATE|MAP_FIXED|MAP_ANON,-1,0x0) = 34372071424 (0x800bc3000)
 1335: munmap(0x800628000,4096)			 = 0 (0x0)
 1335: close(3)					 = 0 (0x0)
 1335: mmap(0x0,102400,PROT_READ|PROT_WRITE,MAP_PRIVATE|MAP_ANON,-1,0x0) = 34366193664 (0x800628000)
 1335: sysarch(AMD64_SET_FSBASE,0x7fffffffe478)	 = 0 (0x0)
 1335: sigprocmask(SIG_BLOCK,{ SIGHUP|SIGINT|SIGQUIT|SIGKILL|SIGPIPE|SIGALRM|SIGTERM|SIGURG|SIGSTOP|SIGTSTP|SIGCONT|SIGCHLD|SIGTTIN|SIGTTOU|SIGIO|SIGXCPU|SIGXFSZ|SIGVTALRM|SIGPROF|SIGWINCH|SIGINFO|SIGUSR1|SIGUSR2 },{ }) = 0 (0x0)
 1335: sigprocmask(SIG_SETMASK,{ },0x0)		 = 0 (0x0)
 1335: readlink("/etc/malloc.conf",0x7fffffffdb50,1024) ERR#2 'No such file or directory'
 1335: issetugid()				 = 0 (0x0)
 1335: __sysctl(0x7fffffffd9c0,0x2,0x7fffffffda10,0x7fffffffda08,0x800982ced,0xd) = 0 (0x0)
 1335: __sysctl(0x7fffffffda10,0x2,0x7fffffffdad4,0x7fffffffdac8,0x0,0x0) = 0 (0x0)
 1335: mmap(0x0,2097152,PROT_READ|PROT_WRITE,MAP_PRIVATE|MAP_ANON,-1,0x0) = 34372173824 (0x800bdc000)
 1335: munmap(0x800bdc000,2097152)		 = 0 (0x0)
 1335: mmap(0x0,4190208,PROT_READ|PROT_WRITE,MAP_PRIVATE|MAP_ANON,-1,0x0) = 34372173824 (0x800bdc000)
 1335: munmap(0x800bdc000,147456)		 = 0 (0x0)
 1335: munmap(0x800e00000,1945600)		 = 0 (0x0)
 1335: sigprocmask(SIG_BLOCK,{ SIGHUP|SIGINT|SIGQUIT|SIGKILL|SIGPIPE|SIGALRM|SIGTERM|SIGURG|SIGSTOP|SIGTSTP|SIGCONT|SIGCHLD|SIGTTIN|SIGTTOU|SIGIO|SIGXCPU|SIGXFSZ|SIGVTALRM|SIGPROF|SIGWINCH|SIGINFO|SIGUSR1|SIGUSR2 },{ }) = 0 (0x0)
 1335: sigprocmask(SIG_SETMASK,{ },0x0)		 = 0 (0x0)
 1335: sigprocmask(SIG_BLOCK,{ SIGHUP|SIGINT|SIGQUIT|SIGKILL|SIGPIPE|SIGALRM|SIGTERM|SIGURG|SIGSTOP|SIGTSTP|SIGCONT|SIGCHLD|SIGTTIN|SIGTTOU|SIGIO|SIGXCPU|SIGXFSZ|SIGVTALRM|SIGPROF|SIGWINCH|SIGINFO|SIGUSR1|SIGUSR2 },{ }) = 0 (0x0)
 1335: sigprocmask(SIG_SETMASK,{ },0x0)		 = 0 (0x0)
 1335: kldload("vesa")				 ERR#8 'Exec format error'
 1335: write(2,"kldload: ",9)			 = 9 (0x9)
 1335: write(2,"an error occurred while loading "...,83) = 83 (0x53)
 1335: write(2,"\n",1)				 = 1 (0x1)
 1335: sigprocmask(SIG_BLOCK,{ SIGHUP|SIGINT|SIGQUIT|SIGKILL|SIGPIPE|SIGALRM|SIGTERM|SIGURG|SIGSTOP|SIGTSTP|SIGCONT|SIGCHLD|SIGTTIN|SIGTTOU|SIGIO|SIGXCPU|SIGXFSZ|SIGVTALRM|SIGPROF|SIGWINCH|SIGINFO|SIGUSR1|SIGUSR2 },{ }) = 0 (0x0)
 1335: sigprocmask(SIG_SETMASK,{ },0x0)		 = 0 (0x0)
 1335: sigprocmask(SIG_BLOCK,{ SIGHUP|SIGINT|SIGQUIT|SIGKILL|SIGPIPE|SIGALRM|SIGTERM|SIGURG|SIGSTOP|SIGTSTP|SIGCONT|SIGCHLD|SIGTTIN|SIGTTOU|SIGIO|SIGXCPU|SIGXFSZ|SIGVTALRM|SIGPROF|SIGWINCH|SIGINFO|SIGUSR1|SIGUSR2 },{ }) = 0 (0x0)
 1335: sigprocmask(SIG_SETMASK,{ },0x0)		 = 0 (0x0)
 1335: sigprocmask(SIG_BLOCK,{ SIGHUP|SIGINT|SIGQUIT|SIGKILL|SIGPIPE|SIGALRM|SIGTERM|SIGURG|SIGSTOP|SIGTSTP|SIGCONT|SIGCHLD|SIGTTIN|SIGTTOU|SIGIO|SIGXCPU|SIGXFSZ|SIGVTALRM|SIGPROF|SIGWINCH|SIGINFO|SIGUSR1|SIGUSR2 },{ }) = 0 (0x0)
 1335: sigprocmask(SIG_SETMASK,{ },0x0)		 = 0 (0x0)
 1335: exit(0x1)				
 1335: process exit, rval = 1
